This is pdfTeX, Version 3.141592653-2.6-1.40.25 (TeX Live 2023/Arch Linux) (preloaded format=pdflatex 2023.8.30)  31 OCT 2023 15:28
entering extended mode
 restricted \write18 enabled.
 file:line:error style messages enabled.
 %&-line parsing enabled.
**main.tex
(./main.tex
LaTeX2e <2022-11-01> patch level 1
L3 programming layer <2023-02-22> (./lib/preamble.cls (/usr/share/texmf-dist/tex/latex/base/inputenc.sty
Package: inputenc 2021/02/14 v1.3d Input encoding file
\inpenc@prehook=\toks16
\inpenc@posthook=\toks17
) (/usr/share/texmf-dist/tex/latex/crop/crop.sty
Package: crop 2017/11/19 1.10 crop marks (mf)
 (/usr/share/texmf-dist/tex/generic/iftex/ifluatex.sty
Package: ifluatex 2019/10/25 v1.5 ifluatex legacy package. Use iftex instead.
 (/usr/share/texmf-dist/tex/generic/iftex/iftex.sty
Package: iftex 2022/02/03 v1.0f TeX engine tests
))
\CROP@index=\count185
 (/usr/share/texmf-dist/tex/latex/graphics/color.sty
Package: color 2022/01/06 v1.3d Standard LaTeX Color (DPC)
 (/usr/share/texmf-dist/tex/latex/graphics-cfg/color.cfg
File: color.cfg 2016/01/02 v1.6 sample color configuration
)
Package color Info: Driver file: pdftex.def on input line 149.
 (/usr/share/texmf-dist/tex/latex/graphics-def/pdftex.def
File: pdftex.def 2022/09/22 v1.2b Graphics/color driver for pdftex
) (/usr/share/texmf-dist/tex/latex/graphics/mathcolor.ltx)) (/usr/share/texmf-dist/tex/latex/graphics/graphics.sty
Package: graphics 2022/03/10 v1.4e Standard LaTeX Graphics (DPC,SPQR)
 (/usr/share/texmf-dist/tex/latex/graphics/trig.sty
Package: trig 2021/08/11 v1.11 sin cos tan (DPC)
) (/usr/share/texmf-dist/tex/latex/graphics-cfg/graphics.cfg
File: graphics.cfg 2016/06/04 v1.11 sample graphics configuration
)
Package graphics Info: Driver file: pdftex.def on input line 107.
)
\CROP@offset=\count186
Package crop Info: Local config file crop.cfg used on input line 622.
 (/usr/share/texmf-dist/tex/xelatex/xetexconfig/crop.cfg)) (/usr/share/texmf-dist/tex/latex/graphics/graphicx.sty
Package: graphicx 2021/09/16 v1.2d Enhanced LaTeX Graphics (DPC,SPQR)
 (/usr/share/texmf-dist/tex/latex/graphics/keyval.sty
Package: keyval 2022/05/29 v1.15 key=value parser (DPC)
\KV@toks@=\toks18
)
\Gin@req@height=\dimen140
\Gin@req@width=\dimen141
) (/usr/share/texmf-dist/tex/latex/amsmath/amsmath.sty
Package: amsmath 2022/04/08 v2.17n AMS math features
\@mathmargin=\skip48

For additional information on amsmath, use the `?' option.
(/usr/share/texmf-dist/tex/latex/amsmath/amstext.sty
Package: amstext 2021/08/26 v2.01 AMS text
 (/usr/share/texmf-dist/tex/latex/amsmath/amsgen.sty
File: amsgen.sty 1999/11/30 v2.0 generic functions
\@emptytoks=\toks19
\ex@=\dimen142
)) (/usr/share/texmf-dist/tex/latex/amsmath/amsbsy.sty
Package: amsbsy 1999/11/29 v1.2d Bold Symbols
\pmbraise@=\dimen143
) (/usr/share/texmf-dist/tex/latex/amsmath/amsopn.sty
Package: amsopn 2022/04/08 v2.04 operator names
)
\inf@bad=\count187
LaTeX Info: Redefining \frac on input line 234.
\uproot@=\count188
\leftroot@=\count189
LaTeX Info: Redefining \overline on input line 399.
LaTeX Info: Redefining \colon on input line 410.
\classnum@=\count190
\DOTSCASE@=\count191
LaTeX Info: Redefining \ldots on input line 496.
LaTeX Info: Redefining \dots on input line 499.
LaTeX Info: Redefining \cdots on input line 620.
\Mathstrutbox@=\box51
\strutbox@=\box52
LaTeX Info: Redefining \big on input line 722.
LaTeX Info: Redefining \Big on input line 723.
LaTeX Info: Redefining \bigg on input line 724.
LaTeX Info: Redefining \Bigg on input line 725.
\big@size=\dimen144
LaTeX Font Info:    Redeclaring font encoding OML on input line 743.
LaTeX Font Info:    Redeclaring font encoding OMS on input line 744.
\macc@depth=\count192
LaTeX Info: Redefining \bmod on input line 905.
LaTeX Info: Redefining \pmod on input line 910.
LaTeX Info: Redefining \smash on input line 940.
LaTeX Info: Redefining \relbar on input line 970.
LaTeX Info: Redefining \Relbar on input line 971.
\c@MaxMatrixCols=\count193
\dotsspace@=\muskip16
\c@parentequation=\count194
\dspbrk@lvl=\count195
\tag@help=\toks20
\row@=\count196
\column@=\count197
\maxfields@=\count198
\andhelp@=\toks21
\eqnshift@=\dimen145
\alignsep@=\dimen146
\tagshift@=\dimen147
\tagwidth@=\dimen148
\totwidth@=\dimen149
\lineht@=\dimen150
\@envbody=\toks22
\multlinegap=\skip49
\multlinetaggap=\skip50
\mathdisplay@stack=\toks23
LaTeX Info: Redefining \[ on input line 2953.
LaTeX Info: Redefining \] on input line 2954.
) (/usr/share/texmf-dist/tex/latex/tools/array.sty
Package: array 2022/09/04 v2.5g Tabular extension package (FMi)
\col@sep=\dimen151
\ar@mcellbox=\box53
\extrarowheight=\dimen152
\NC@list=\toks24
\extratabsurround=\skip51
\backup@length=\skip52
\ar@cellbox=\box54
) (/usr/share/texmf-dist/tex/latex/psnfss/helvet.sty
Package: helvet 2020/03/25 PSNFSS-v9.3 (WaS) 
) (/usr/share/texmf-dist/tex/latex/amsfonts/amssymb.sty
Package: amssymb 2013/01/14 v3.01 AMS font symbols
 (/usr/share/texmf-dist/tex/latex/amsfonts/amsfonts.sty
Package: amsfonts 2013/01/14 v3.01 Basic AMSFonts support
\symAMSa=\mathgroup4
\symAMSb=\mathgroup5
LaTeX Font Info:    Redeclaring math symbol \hbar on input line 98.
LaTeX Font Info:    Overwriting math alphabet `\mathfrak' in version `bold'
(Font)                  U/euf/m/n --> U/euf/b/n on input line 106.
)) (/usr/share/texmf-dist/tex/latex/sttools/flushend.sty
Package: flushend 2021/10/04 v4.0 Balancing columns in twocolumn mode
\flushend@@lastskip@a=\skip53
\flushend@@lastskip@b=\skip54
\flushend@@lastnode=\count199
\var@@loop@iter=\count266
\var@@temp@spread=\dimen153
\var@@temp@a=\dimen154
\var@@temp@loop=\dimen155
\flushend@@page@rule=\dimen156
\flushend@@varbox@lastpage=\box55
\flushend@@varbox@a=\box56
\flushend@@varbox@c=\box57
\flushend@@tempbox@a=\box58
\flushend@@tempbox@c=\box59
\flushend@@floatbox=\box60
\@viper=\box61
\hold@viper=\box62
\atColsBreak=\toks25
\atColsEnd=\toks26
\oldbreak@skip=\dimen157
) (/usr/share/texmf-dist/tex/latex/sttools/stfloats.sty
Package: stfloats 2017/03/27 v3.3 Improve float mechanism and baselineskip settings
\@dblbotnum=\count267
\c@dblbotnumber=\count268
) (/usr/share/texmf-dist/tex/latex/amscls/amsthm.sty
Package: amsthm 2020/05/29 v2.20.6
\thm@style=\toks27
\thm@bodyfont=\toks28
\thm@headfont=\toks29
\thm@notefont=\toks30
\thm@headpunct=\toks31
\thm@preskip=\skip55
\thm@postskip=\skip56
\thm@headsep=\skip57
\dth@everypar=\toks32
) (/usr/share/texmf-dist/tex/latex/changepage/chngpage.sty
Package: chngpage 2009/10/20 v1.2b change page layout
\c@cp@cnt=\count269
\c@cp@tempcnt=\count270
) (/usr/share/texmf-dist/tex/latex/psnfss/times.sty
Package: times 2020/03/25 PSNFSS-v9.3 (SPQR) 
)
\c@section=\count271
\c@subsection=\count272
\c@subsubsection=\count273
\c@paragraph=\count274
\c@subparagraph=\count275
\c@figure=\count276
\c@table=\count277
\dropfromtop=\skip58
\extraspace=\skip59
\aboveskipchk=\skip60
\abovecaptionskip=\skip61
\belowcaptionskip=\skip62
\rotdimen=\dimen158
\tempdime=\dimen159
\temptbox=\box63
 (/usr/share/texmf-dist/tex/latex/natbib/natbib.sty
Package: natbib 2010/09/13 8.31b (PWD, AO)
\bibhang=\skip63
\bibsep=\skip64
LaTeX Info: Redefining \cite on input line 694.
\c@NAT@ctr=\count278
))
LaTeX Font Info:    Trying to load font information for OT1+ptm on input line 5.
 (/usr/share/texmf-dist/tex/latex/psnfss/ot1ptm.fd
File: ot1ptm.fd 2001/06/04 font definitions for OT1/ptm.
) (/usr/share/texmf-dist/tex/latex/l3backend/l3backend-pdftex.def
File: l3backend-pdftex.def 2023-01-16 L3 backend support: PDF output (pdfTeX)
\l__color_backend_stack_int=\count279
\l__pdf_internal_box=\box64
) (./main.aux)
\openout1 = `main.aux'.

LaTeX Font Info:    Checking defaults for OML/cmm/m/it on input line 5.
LaTeX Font Info:    ... okay on input line 5.
LaTeX Font Info:    Checking defaults for OMS/cmsy/m/n on input line 5.
LaTeX Font Info:    ... okay on input line 5.
LaTeX Font Info:    Checking defaults for OT1/cmr/m/n on input line 5.
LaTeX Font Info:    ... okay on input line 5.
LaTeX Font Info:    Checking defaults for T1/cmr/m/n on input line 5.
LaTeX Font Info:    ... okay on input line 5.
LaTeX Font Info:    Checking defaults for TS1/cmr/m/n on input line 5.
LaTeX Font Info:    ... okay on input line 5.
LaTeX Font Info:    Checking defaults for OMX/cmex/m/n on input line 5.
LaTeX Font Info:    ... okay on input line 5.
LaTeX Font Info:    Checking defaults for U/cmr/m/n on input line 5.
LaTeX Font Info:    ... okay on input line 5.
 (/usr/share/texmf-dist/tex/context/base/mkii/supp-pdf.mkii
[Loading MPS to PDF converter (version 2006.09.02).]
\scratchcounter=\count280
\scratchdimen=\dimen160
\scratchbox=\box65
\nofMPsegments=\count281
\nofMParguments=\count282
\everyMPshowfont=\toks33
\MPscratchCnt=\count283
\MPscratchDim=\dimen161
\MPnumerator=\count284
\makeMPintoPDFobject=\count285
\everyMPtoPDFconversion=\toks34
) (/usr/share/texmf-dist/tex/latex/epstopdf-pkg/epstopdf-base.sty
Package: epstopdf-base 2020-01-24 v2.11 Base part for package epstopdf
 (/usr/share/texmf-dist/tex/generic/infwarerr/infwarerr.sty
Package: infwarerr 2019/12/03 v1.5 Providing info/warning/error messages (HO)
) (/usr/share/texmf-dist/tex/latex/grfext/grfext.sty
Package: grfext 2019/12/03 v1.3 Manage graphics extensions (HO)
 (/usr/share/texmf-dist/tex/generic/kvdefinekeys/kvdefinekeys.sty
Package: kvdefinekeys 2019-12-19 v1.6 Define keys (HO)
)) (/usr/share/texmf-dist/tex/latex/kvoptions/kvoptions.sty
Package: kvoptions 2022-06-15 v3.15 Key value format for package options (HO)
 (/usr/share/texmf-dist/tex/generic/ltxcmds/ltxcmds.sty
Package: ltxcmds 2020-05-10 v1.25 LaTeX kernel commands for general use (HO)
) (/usr/share/texmf-dist/tex/latex/kvsetkeys/kvsetkeys.sty
Package: kvsetkeys 2022-10-05 v1.19 Key value parser (HO)
)) (/usr/share/texmf-dist/tex/generic/pdftexcmds/pdftexcmds.sty
Package: pdftexcmds 2020-06-27 v0.33 Utility functions of pdfTeX for LuaTeX (HO)
Package pdftexcmds Info: \pdf@primitive is available.
Package pdftexcmds Info: \pdf@ifprimitive is available.
Package pdftexcmds Info: \pdfdraftmode found.
)
Package epstopdf-base Info: Redefining graphics rule for `.eps' on input line 485.
Package grfext Info: Graphics extension search list:
(grfext)             [.pdf,.png,.jpg,.mps,.jpeg,.jbig2,.jb2,.PDF,.PNG,.JPG,.JPEG,.JBIG2,.JB2,.eps]
(grfext)             \AppendGraphicsExtensions on input line 504.
 (/usr/share/texmf-dist/tex/latex/latexconfig/epstopdf-sys.cfg
File: epstopdf-sys.cfg 2010/07/13 v1.3 Configuration of (r)epstopdf for TeX Live
))
Package crop Info: requested driver: `' on input line 5.
Package crop Info: detected driver: `pdftex' on input line 5.
Package crop Info: using `pdftex' graphics driver on input line 5.
LaTeX Font Info:    Trying to load font information for OT1+phv on input line 14.
 (/usr/share/texmf-dist/tex/latex/psnfss/ot1phv.fd
File: ot1phv.fd 2020/03/25 scalable font definitions for OT1/phv.
)
LaTeX Font Info:    Font shape `OT1/phv/m/it' in size <9> not available
(Font)              Font shape `OT1/phv/m/sl' tried instead on input line 14.
LaTeX Font Info:    Font shape `OT1/phv/b/it' in size <9> not available
(Font)              Font shape `OT1/phv/b/sl' tried instead on input line 14.
LaTeX Font Info:    Font shape `OT1/phv/b/it' in size <20> not available
(Font)              Font shape `OT1/phv/b/sl' tried instead on input line 14.


LaTeX Font Warning: Font shape `OT1/phv/m/rm' undefined
(Font)              using `OT1/phv/m/n' instead on input line 14.

<lib/TEC.png, id=1, 250.9375pt x 250.9375pt>
File: lib/TEC.png Graphic file (type png)
<use lib/TEC.png>
Package pdftex.def Info: lib/TEC.png  used on input line 14.
(pdftex.def)             Requested size: 90.33742pt x 90.33742pt.

LaTeX Font Warning: Font shape `OT1/cmr/m/n' in size <6.5> not available
(Font)              size <6> substituted on input line 14.


LaTeX Font Warning: Font shape `OML/cmm/m/it' in size <6.5> not available
(Font)              size <6> substituted on input line 14.


LaTeX Font Warning: Font shape `OMS/cmsy/m/n' in size <6.5> not available
(Font)              size <6> substituted on input line 14.

LaTeX Font Info:    Trying to load font information for U+msa on input line 14.
(/usr/share/texmf-dist/tex/latex/amsfonts/umsa.fd
File: umsa.fd 2013/01/14 v3.01 AMS symbols A
)
LaTeX Font Info:    Trying to load font information for U+msb on input line 14.
 (/usr/share/texmf-dist/tex/latex/amsfonts/umsb.fd
File: umsb.fd 2013/01/14 v3.01 AMS symbols B
)
Overfull \hbox (102.135pt too wide) in paragraph at lines 14--14
[]$[]$ 
 []


Overfull \hbox (102.135pt too wide) in paragraph at lines 14--14
[][] 
 []


Underfull \hbox (badness 10000) detected at line 14
[] 
 []

(./src/introduction.tex
LaTeX Info: Symbol \textasciiacute not provided by
            font family ptm in TS1 encoding.
            Default family used instead on input line 4.

Underfull \hbox (badness 3058) in paragraph at lines 3--7
\OT1/ptm/m/n/9 impartido por el profesor Oscar Viquez Acu[]na, en el Instituto
 []

)
Underfull \hbox (badness 2096) in paragraph at lines 15--17
[]\OT1/ptm/m/n/9 A lo largo de este documento se detallar[]an los aspectos m[]as
 []

(./src/development.tex
Underfull \hbox (badness 1616) in paragraph at lines 46--50
[]\OT1/ptm/m/n/9 Permitir la creaci[]on de platos personalizados, a partir de la
 []


Underfull \hbox (badness 1215) in paragraph at lines 90--97
[]\OT1/ptm/m/n/9 Para el desarrollo de la l[]ogica de negocio, como se mencion[]o
 []

[1

{/var/lib/texmf/fonts/map/pdftex/updmap/pdftex.map}{/usr/share/texmf-dist/fonts/enc/dvips/base/8r.enc}


{/usr/share/texmf-dist/fonts/enc/dvips/cm-super/cm-super-ts1.enc} <./lib/TEC.png>]

./src/development.tex:124: LaTeX Error: Unknown float option `H'.

See the LaTeX manual or LaTeX Companion for explanation.
Type  H <return>  for immediate help.
 ...                                              
                                                  
l.124 \begin{figure}[H]
                       
Option `H' ignored and `p' used.

<assets/inventory_add.png, id=14, 662.475pt x 438.63875pt>
File: assets/inventory_add.png Graphic file (type png)
<use assets/inventory_add.png>
Package pdftex.def Info: assets/inventory_add.png  used on input line 126.
(pdftex.def)             Requested size: 216.05069pt x 143.05118pt.

./src/development.tex:131: LaTeX Error: Unknown float option `H'.

See the LaTeX manual or LaTeX Companion for explanation.
Type  H <return>  for immediate help.
 ...                                              
                                                  
l.131 \begin{figure}[H]
                       
Option `H' ignored and `p' used.

<assets/inventory.png, id=16, 1316.92pt x 841.1425pt>
File: assets/inventory.png Graphic file (type png)
<use assets/inventory.png>
Package pdftex.def Info: assets/inventory.png  used on input line 133.
(pdftex.def)             Requested size: 216.05069pt x 137.98677pt.

./src/development.tex:150: LaTeX Error: Unknown float option `H'.

See the LaTeX manual or LaTeX Companion for explanation.
Type  H <return>  for immediate help.
 ...                                              
                                                  
l.150 \begin{figure}[H]
                       
Option `H' ignored and `p' used.

<assets/dishes_add.png, id=17, 661.47125pt x 457.71pt>
File: assets/dishes_add.png Graphic file (type png)
<use assets/dishes_add.png>
Package pdftex.def Info: assets/dishes_add.png  used on input line 152.
(pdftex.def)             Requested size: 216.05069pt x 149.4943pt.

./src/development.tex:157: LaTeX Error: Unknown float option `H'.

See the LaTeX manual or LaTeX Companion for explanation.
Type  H <return>  for immediate help.
 ...                                              
                                                  
l.157 \begin{figure}[H]
                       
Option `H' ignored and `p' used.

<assets/dishes.png, id=18, 1313.90875pt x 842.14626pt>
File: assets/dishes.png Graphic file (type png)
<use assets/dishes.png>
Package pdftex.def Info: assets/dishes.png  used on input line 159.
(pdftex.def)             Requested size: 216.05069pt x 138.47269pt.

Underfull \hbox (badness 2027) in paragraph at lines 168--175
 \OT1/ptm/m/it/9 3.1.4 Estad[]^^Psticas[] \OT1/ptm/m/n/9 En esta vista se logra visualizar informaci[]on
 []


./src/development.tex:176: LaTeX Error: Unknown float option `H'.

See the LaTeX manual or LaTeX Companion for explanation.
Type  H <return>  for immediate help.
 ...                                              
                                                  
l.176 \begin{figure}[H]
                       
Option `H' ignored and `p' used.

<assets/statistics.png, id=19, 1043.9pt x 951.555pt>
File: assets/statistics.png Graphic file (type png)
<use assets/statistics.png>
Package pdftex.def Info: assets/statistics.png  used on input line 178.
(pdftex.def)             Requested size: 216.05069pt x 196.92853pt.

./src/development.tex:191: LaTeX Error: Unknown float option `H'.

See the LaTeX manual or LaTeX Companion for explanation.
Type  H <return>  for immediate help.
 ...                                              
                                                  
l.191 \begin{figure}[H]
                       
Option `H' ignored and `p' used.

<assets/invoices.png, id=20, 1581.91pt x 809.0225pt>
File: assets/invoices.png Graphic file (type png)
<use assets/invoices.png>
Package pdftex.def Info: assets/invoices.png  used on input line 193.
(pdftex.def)             Requested size: 216.05069pt x 110.48482pt.

./src/development.tex:210: LaTeX Error: Unknown float option `H'.

See the LaTeX manual or LaTeX Companion for explanation.
Type  H <return>  for immediate help.
 ...                                              
                                                  
l.210 \begin{figure}[H]
                       
Option `H' ignored and `p' used.


LaTeX Warning: File `assets/database.png' not found on input line 212.


./src/development.tex:212: Package pdftex.def Error: File `assets/database.png' not found: using draft setting.

See the pdftex.def package documentation for explanation.
Type  H <return>  for immediate help.
 ...                                              
                                                  
l.212 ...width=0.4\textwidth]{assets/database.png}
                                                  
Try typing  <return>  to proceed.
If that doesn't work, type  X <return>  to quit.

LaTeX Font Info:    Trying to load font information for OT1+pcr on input line 212.
(/usr/share/texmf-dist/tex/latex/psnfss/ot1pcr.fd
File: ot1pcr.fd 2001/06/04 font definitions for OT1/pcr.
))
Underfull \hbox (badness 1077) in paragraph at lines 235--19
\OT1/ptm/m/n/9 todas las combinaciones posibles de productos, siempre y cuando
 []

(./src/conclusion.tex) (./main.bbl)
[leftcolumn badness]: 1000000 on 23.0pt
[rightcolumn badness]: 1000000 on 23.0pt
[leftcolumn badness]: 1000000 on 23.0pt
[rightcolumn badness]: 1000000 on 23.0pt
[leftcolumn badness]: 1000000 on 23.0pt
[rightcolumn badness]: 1000000 on 23.0pt
[leftcolumn badness]: 1000000 on 23.0pt
[rightcolumn badness]: 1000000 on 23.0pt
[leftcolumn badness]: 1000000 on 23.0pt
[rightcolumn badness]: 1000000 on 23.0pt
[leftcolumn badness]: 1000000 on 23.0pt
[rightcolumn badness]: 1000000 on 23.0pt
[leftcolumn badness]: 1000000 on 23.0pt
[rightcolumn badness]: 1000000 on 23.0pt
[leftcolumn badness]: 1000000 on 23.0pt
[rightcolumn badness]: 1000000 on 23.0pt
[leftcolumn badness]: 1000000 on 23.0pt
[rightcolumn badness]: 1000000 on 23.0pt
[leftcolumn badness]: 1000000 on 23.0pt
[rightcolumn badness]: 1000000 on 23.0pt
- LAST -
Extra skip:32.0pt
Left:498.0pt/1.94843pt
Right:466.0pt/1.94843pt
Split: 498.0pt
Output:498.0pt
Pageshrink: 0.0pt
Pagestretch: 3.0pt
@colht:692.0pt
FLUSHEND [output]: 498.0pt
FLUSHEND [leftcolumn badness]: 0
FUSHEND [rightcolumn badness]: 10000
LaTeX Font Info:    Font shape `OT1/phv/b/it' in size <8> not available
(Font)              Font shape `OT1/phv/b/sl' tried instead on input line 25.

Overfull \hbox (279.0675pt too wide) has occurred while \output is active
[][] 
 []

[2]
Overfull \hbox (279.0675pt too wide) has occurred while \output is active
[][] 
 []


Overfull \vbox (1.0pt too high) has occurred while \output is active []

 [3 <./assets/inventory_add.png> <./assets/inventory.png> <./assets/dishes_add.png> <./assets/dishes.png> <./assets/statistics.png> <./assets/invoices.png>]
Overfull \hbox (279.0675pt too wide) has occurred while \output is active
[][] 
 []


Overfull \vbox (1.0pt too high) has occurred while \output is active []

 [4

] (./main.aux)

LaTeX Font Warning: Size substitutions with differences
(Font)              up to 0.5pt have occurred.


LaTeX Font Warning: Some font shapes were not available, defaults substituted.

 ) 
Here is how much of TeX's memory you used:
 4556 strings out of 477985
 71250 string characters out of 5840058
 1884388 words of memory out of 5000000
 24607 multiletter control sequences out of 15000+600000
 543290 words of font info for 83 fonts, out of 8000000 for 9000
 18 hyphenation exceptions out of 8191
 73i,11n,76p,215b,342s stack positions out of 10000i,1000n,20000p,200000b,200000s
</usr/share/texmf-dist/fonts/type1/public/amsfonts/cm/cmsy9.pfb></usr/share/texmf-dist/fonts/type1/public/cm-super/sfrm0900.pfb></usr/share/texmf-dist/fonts/type1/urw/courier/ucrr8a.pfb></usr/share/texmf-dist/fonts/type1/urw/helvetic/uhvb8a.pfb></usr/share/texmf-dist/fonts/type1/urw/helvetic/uhvbo8a.pfb></usr/share/texmf-dist/fonts/type1/urw/helvetic/uhvr8a.pfb></usr/share/texmf-dist/fonts/type1/urw/times/utmb8a.pfb></usr/share/texmf-dist/fonts/type1/urw/times/utmr8a.pfb></usr/share/texmf-dist/fonts/type1/urw/times/utmri8a.pfb>
Output written on main.pdf (4 pages, 314551 bytes).
PDF statistics:
 79 PDF objects out of 1000 (max. 8388607)
 40 compressed objects within 1 object stream
 0 named destinations out of 1000 (max. 500000)
 36 words of extra memory for PDF output out of 10000 (max. 10000000)

